<?xml version="1.0" encoding="UTF-8"?>
<!-- Generated by org.testng.reporters.JUnitXMLReporter -->
<testsuite ignored="0" hostname="DESKTOP-RRLU1DQ" failures="0" tests="4" name="Test" time="23.511" errors="0" timestamp="2022-10-18T22:43:55 IST">
  <testcase classname="Test_cases.TestCases" name="TestCase2" time="9.721"/>
  <testcase classname="Test_cases.TestCases" name="Testcase1" time="0.0"/>
  <testcase classname="Test_cases.TestCase_Login_LacNo" name="Login_LAC" time="5.267"/>
  <testcase classname="Test_cases.Test_forgotPassword" name="TestCaseforgotpasswordclcik" time="8.482"/>
</testsuite> <!-- Test -->
