<?xml version="1.0" encoding="UTF-8"?>
<!-- Generated by org.testng.reporters.JUnitXMLReporter -->
<testsuite ignored="0" hostname="DESKTOP-RRLU1DQ" failures="0" tests="4" name="Test" time="25.351" errors="0" timestamp="2022-11-12T15:39:57 IST">
  <testcase classname="Test_cases.TestCases" name="TestCase2" time="10.394"/>
  <testcase classname="Test_cases.TestCases" name="Testcase1" time="0.002"/>
  <testcase classname="Test_cases.TestCase_Login_LacNo" name="Login_LAC" time="5.897"/>
  <testcase classname="Test_cases.Test_forgotPassword" name="TestCaseforgotpasswordclcik" time="9.01"/>
</testsuite> <!-- Test -->
