<?xml version="1.0" encoding="UTF-8"?>
<testng-results ignored="0" total="4" passed="4" failed="0" skipped="0">
  <reporter-output>
  </reporter-output>
  <suite started-at="2022-11-12T15:39:32 IST" name="Suite" finished-at="2022-11-12T15:39:57 IST" duration-ms="25351">
    <groups>
    </groups>
    <test started-at="2022-11-12T15:39:32 IST" name="Test" finished-at="2022-11-12T15:39:57 IST" duration-ms="25351">
      <class name="Test_cases.Test_forgotPassword">
        <test-method signature="TestCaseforgotpasswordclcik()[pri:0, instance:Test_cases.Test_forgotPassword@7c24b813]" started-at="2022-11-12T15:39:48 IST" name="TestCaseforgotpasswordclcik" finished-at="2022-11-12T15:39:57 IST" duration-ms="9010" status="PASS">
          <reporter-output>
          </reporter-output>
        </test-method> <!-- TestCaseforgotpasswordclcik -->
      </class> <!-- Test_cases.Test_forgotPassword -->
      <class name="Test_cases.TestCases">
        <test-method signature="TestCase2()[pri:0, instance:Test_cases.TestCases@4229bb3f]" started-at="2022-11-12T15:39:32 IST" name="TestCase2" finished-at="2022-11-12T15:39:42 IST" duration-ms="10394" status="PASS">
          <reporter-output>
          </reporter-output>
        </test-method> <!-- TestCase2 -->
        <test-method signature="Testcase1()[pri:0, instance:Test_cases.TestCases@4229bb3f]" started-at="2022-11-12T15:39:42 IST" name="Testcase1" finished-at="2022-11-12T15:39:42 IST" depends-on-methods="Test_cases.TestCases.TestCase2" duration-ms="2" status="PASS">
          <reporter-output>
          </reporter-output>
        </test-method> <!-- Testcase1 -->
      </class> <!-- Test_cases.TestCases -->
      <class name="Test_cases.TestCase_Login_LacNo">
        <test-method signature="Login_LAC()[pri:0, instance:Test_cases.TestCase_Login_LacNo@25fb8912]" started-at="2022-11-12T15:39:42 IST" name="Login_LAC" finished-at="2022-11-12T15:39:48 IST" duration-ms="5897" status="PASS">
          <reporter-output>
          </reporter-output>
        </test-method> <!-- Login_LAC -->
      </class> <!-- Test_cases.TestCase_Login_LacNo -->
    </test> <!-- Test -->
  </suite> <!-- Suite -->
</testng-results>
